<?xml version="1.0" encoding="UTF-8"?>
<!-- Generated by org.testng.reporters.JUnitReportReporter -->
<testsuite skipped="0" hostname="AG300617-6" name="finalTest.FinalTest" tests="1" failures="0" timestamp="03 Aug 2017 12:26:33 GMT" time="380.632" errors="0">
  <testcase name="g" time="380.632" classname="finalTest.FinalTest"/>
</testsuite> <!-- finalTest.FinalTest -->
